CRITICAL - 2021-02-23 00:59:14 --> Call to undefined method CodeIgniter\View\View::endSetion()
#0 C:\xampp\htdocs\example\example-ecommerce\appstarter\vendor\codeigniter4\framework\system\View\View.php(220): include()
#1 C:\xampp\htdocs\example\example-ecommerce\appstarter\vendor\codeigniter4\framework\system\View\View.php(222): CodeIgniter\View\View->CodeIgniter\View\{closure}()
#2 C:\xampp\htdocs\example\example-ecommerce\appstarter\vendor\codeigniter4\framework\system\View\View.php(236): CodeIgniter\View\View->render('dashboard/index', Array, true)
#3 C:\xampp\htdocs\example\example-ecommerce\appstarter\vendor\codeigniter4\framework\system\Common.php(1217): CodeIgniter\View\View->render('home/index', Array, true)
#4 C:\xampp\htdocs\example\example-ecommerce\appstarter\app\Controllers\Home.php(11): view('home/index', Array)
#5 C:\xampp\htdocs\example\example-ecommerce\appstarter\vendor\codeigniter4\framework\system\CodeIgniter.php(936): App\Controllers\Home->index()
#6 C:\xampp\htdocs\example\example-ecommerce\appstarter\vendor\codeigniter4\framework\system\CodeIgniter.php(432): CodeIgniter\CodeIgniter->runController(Object(App\Controllers\Home))
#7 C:\xampp\htdocs\example\example-ecommerce\appstarter\vendor\codeigniter4\framework\system\CodeIgniter.php(333): CodeIgniter\CodeIgniter->handleRequest(NULL, Object(Config\Cache), false)
#8 C:\xampp\htdocs\example\example-ecommerce\appstarter\public\index.php(44): CodeIgniter\CodeIgniter->run()
#9 C:\xampp\htdocs\example\example-ecommerce\appstarter\vendor\codeigniter4\framework\system\Commands\Server\rewrite.php(45): require_once('C:\\xampp\\htdocs...')
#10 {main}
CRITICAL - 2021-02-23 00:59:57 --> Call to undefined method CodeIgniter\View\View::endSetion()
#0 C:\xampp\htdocs\example\example-ecommerce\appstarter\vendor\codeigniter4\framework\system\View\View.php(220): include()
#1 C:\xampp\htdocs\example\example-ecommerce\appstarter\vendor\codeigniter4\framework\system\View\View.php(222): CodeIgniter\View\View->CodeIgniter\View\{closure}()
#2 C:\xampp\htdocs\example\example-ecommerce\appstarter\vendor\codeigniter4\framework\system\Common.php(1217): CodeIgniter\View\View->render('home/index', Array, true)
#3 C:\xampp\htdocs\example\example-ecommerce\appstarter\app\Controllers\Home.php(11): view('home/index', Array)
#4 C:\xampp\htdocs\example\example-ecommerce\appstarter\vendor\codeigniter4\framework\system\CodeIgniter.php(936): App\Controllers\Home->index()
#5 C:\xampp\htdocs\example\example-ecommerce\appstarter\vendor\codeigniter4\framework\system\CodeIgniter.php(432): CodeIgniter\CodeIgniter->runController(Object(App\Controllers\Home))
#6 C:\xampp\htdocs\example\example-ecommerce\appstarter\vendor\codeigniter4\framework\system\CodeIgniter.php(333): CodeIgniter\CodeIgniter->handleRequest(NULL, Object(Config\Cache), false)
#7 C:\xampp\htdocs\example\example-ecommerce\appstarter\public\index.php(44): CodeIgniter\CodeIgniter->run()
#8 C:\xampp\htdocs\example\example-ecommerce\appstarter\vendor\codeigniter4\framework\system\Commands\Server\rewrite.php(45): require_once('C:\\xampp\\htdocs...')
#9 {main}
CRITICAL - 2021-02-23 01:00:01 --> Call to undefined method CodeIgniter\View\View::endSetion()
#0 C:\xampp\htdocs\example\example-ecommerce\appstarter\vendor\codeigniter4\framework\system\View\View.php(220): include()
#1 C:\xampp\htdocs\example\example-ecommerce\appstarter\vendor\codeigniter4\framework\system\View\View.php(222): CodeIgniter\View\View->CodeIgniter\View\{closure}()
#2 C:\xampp\htdocs\example\example-ecommerce\appstarter\vendor\codeigniter4\framework\system\Common.php(1217): CodeIgniter\View\View->render('home/index', Array, true)
#3 C:\xampp\htdocs\example\example-ecommerce\appstarter\app\Controllers\Home.php(11): view('home/index', Array)
#4 C:\xampp\htdocs\example\example-ecommerce\appstarter\vendor\codeigniter4\framework\system\CodeIgniter.php(936): App\Controllers\Home->index()
#5 C:\xampp\htdocs\example\example-ecommerce\appstarter\vendor\codeigniter4\framework\system\CodeIgniter.php(432): CodeIgniter\CodeIgniter->runController(Object(App\Controllers\Home))
#6 C:\xampp\htdocs\example\example-ecommerce\appstarter\vendor\codeigniter4\framework\system\CodeIgniter.php(333): CodeIgniter\CodeIgniter->handleRequest(NULL, Object(Config\Cache), false)
#7 C:\xampp\htdocs\example\example-ecommerce\appstarter\public\index.php(44): CodeIgniter\CodeIgniter->run()
#8 C:\xampp\htdocs\example\example-ecommerce\appstarter\vendor\codeigniter4\framework\system\Commands\Server\rewrite.php(45): require_once('C:\\xampp\\htdocs...')
#9 {main}
CRITICAL - 2021-02-23 01:03:52 --> Call to undefined method CodeIgniter\View\View::endSetion()
#0 C:\xampp\htdocs\example\example-ecommerce\appstarter\vendor\codeigniter4\framework\system\View\View.php(220): include()
#1 C:\xampp\htdocs\example\example-ecommerce\appstarter\vendor\codeigniter4\framework\system\View\View.php(222): CodeIgniter\View\View->CodeIgniter\View\{closure}()
#2 C:\xampp\htdocs\example\example-ecommerce\appstarter\vendor\codeigniter4\framework\system\Common.php(1217): CodeIgniter\View\View->render('home/index', Array, true)
#3 C:\xampp\htdocs\example\example-ecommerce\appstarter\app\Controllers\Home.php(11): view('home/index', Array)
#4 C:\xampp\htdocs\example\example-ecommerce\appstarter\vendor\codeigniter4\framework\system\CodeIgniter.php(936): App\Controllers\Home->index()
#5 C:\xampp\htdocs\example\example-ecommerce\appstarter\vendor\codeigniter4\framework\system\CodeIgniter.php(432): CodeIgniter\CodeIgniter->runController(Object(App\Controllers\Home))
#6 C:\xampp\htdocs\example\example-ecommerce\appstarter\vendor\codeigniter4\framework\system\CodeIgniter.php(333): CodeIgniter\CodeIgniter->handleRequest(NULL, Object(Config\Cache), false)
#7 C:\xampp\htdocs\example\example-ecommerce\appstarter\public\index.php(44): CodeIgniter\CodeIgniter->run()
#8 C:\xampp\htdocs\example\example-ecommerce\appstarter\vendor\codeigniter4\framework\system\Commands\Server\rewrite.php(45): require_once('C:\\xampp\\htdocs...')
#9 {main}
CRITICAL - 2021-02-23 01:03:55 --> Call to undefined method CodeIgniter\View\View::endSetion()
#0 C:\xampp\htdocs\example\example-ecommerce\appstarter\vendor\codeigniter4\framework\system\View\View.php(220): include()
#1 C:\xampp\htdocs\example\example-ecommerce\appstarter\vendor\codeigniter4\framework\system\View\View.php(222): CodeIgniter\View\View->CodeIgniter\View\{closure}()
#2 C:\xampp\htdocs\example\example-ecommerce\appstarter\vendor\codeigniter4\framework\system\Common.php(1217): CodeIgniter\View\View->render('home/index', Array, true)
#3 C:\xampp\htdocs\example\example-ecommerce\appstarter\app\Controllers\Home.php(11): view('home/index', Array)
#4 C:\xampp\htdocs\example\example-ecommerce\appstarter\vendor\codeigniter4\framework\system\CodeIgniter.php(936): App\Controllers\Home->index()
#5 C:\xampp\htdocs\example\example-ecommerce\appstarter\vendor\codeigniter4\framework\system\CodeIgniter.php(432): CodeIgniter\CodeIgniter->runController(Object(App\Controllers\Home))
#6 C:\xampp\htdocs\example\example-ecommerce\appstarter\vendor\codeigniter4\framework\system\CodeIgniter.php(333): CodeIgniter\CodeIgniter->handleRequest(NULL, Object(Config\Cache), false)
#7 C:\xampp\htdocs\example\example-ecommerce\appstarter\public\index.php(44): CodeIgniter\CodeIgniter->run()
#8 C:\xampp\htdocs\example\example-ecommerce\appstarter\vendor\codeigniter4\framework\system\Commands\Server\rewrite.php(45): require_once('C:\\xampp\\htdocs...')
#9 {main}
