CRITICAL - 2021-02-22 22:36:12 --> Invalid file: home/index.php
#0 C:\xampp\htdocs\example\example-ecommerce\appstarter\vendor\codeigniter4\framework\system\View\View.php(203): CodeIgniter\Exceptions\FrameworkException::forInvalidFile('home/index.php')
#1 C:\xampp\htdocs\example\example-ecommerce\appstarter\vendor\codeigniter4\framework\system\Common.php(1217): CodeIgniter\View\View->render('home/index', Array, true)
#2 C:\xampp\htdocs\example\example-ecommerce\appstarter\app\Controllers\Home.php(10): view('home/index')
#3 C:\xampp\htdocs\example\example-ecommerce\appstarter\vendor\codeigniter4\framework\system\CodeIgniter.php(936): App\Controllers\Home->index()
#4 C:\xampp\htdocs\example\example-ecommerce\appstarter\vendor\codeigniter4\framework\system\CodeIgniter.php(432): CodeIgniter\CodeIgniter->runController(Object(App\Controllers\Home))
#5 C:\xampp\htdocs\example\example-ecommerce\appstarter\vendor\codeigniter4\framework\system\CodeIgniter.php(333): CodeIgniter\CodeIgniter->handleRequest(NULL, Object(Config\Cache), false)
#6 C:\xampp\htdocs\example\example-ecommerce\appstarter\public\index.php(44): CodeIgniter\CodeIgniter->run()
#7 C:\xampp\htdocs\example\example-ecommerce\appstarter\vendor\codeigniter4\framework\system\Commands\Server\rewrite.php(45): require_once('C:\\xampp\\htdocs...')
#8 {main}
CRITICAL - 2021-02-22 22:36:58 --> Invalid file: home/index.php
#0 C:\xampp\htdocs\example\example-ecommerce\appstarter\vendor\codeigniter4\framework\system\View\View.php(203): CodeIgniter\Exceptions\FrameworkException::forInvalidFile('home/index.php')
#1 C:\xampp\htdocs\example\example-ecommerce\appstarter\vendor\codeigniter4\framework\system\Common.php(1217): CodeIgniter\View\View->render('home/index', Array, true)
#2 C:\xampp\htdocs\example\example-ecommerce\appstarter\app\Controllers\Home.php(10): view('home/index')
#3 C:\xampp\htdocs\example\example-ecommerce\appstarter\vendor\codeigniter4\framework\system\CodeIgniter.php(936): App\Controllers\Home->index()
#4 C:\xampp\htdocs\example\example-ecommerce\appstarter\vendor\codeigniter4\framework\system\CodeIgniter.php(432): CodeIgniter\CodeIgniter->runController(Object(App\Controllers\Home))
#5 C:\xampp\htdocs\example\example-ecommerce\appstarter\vendor\codeigniter4\framework\system\CodeIgniter.php(333): CodeIgniter\CodeIgniter->handleRequest(NULL, Object(Config\Cache), false)
#6 C:\xampp\htdocs\example\example-ecommerce\appstarter\public\index.php(44): CodeIgniter\CodeIgniter->run()
#7 C:\xampp\htdocs\example\example-ecommerce\appstarter\vendor\codeigniter4\framework\system\Commands\Server\rewrite.php(45): require_once('C:\\xampp\\htdocs...')
#8 {main}
CRITICAL - 2021-02-22 22:37:00 --> Invalid file: home/index.php
#0 C:\xampp\htdocs\example\example-ecommerce\appstarter\vendor\codeigniter4\framework\system\View\View.php(203): CodeIgniter\Exceptions\FrameworkException::forInvalidFile('home/index.php')
#1 C:\xampp\htdocs\example\example-ecommerce\appstarter\vendor\codeigniter4\framework\system\Common.php(1217): CodeIgniter\View\View->render('home/index', Array, true)
#2 C:\xampp\htdocs\example\example-ecommerce\appstarter\app\Controllers\Home.php(10): view('home/index')
#3 C:\xampp\htdocs\example\example-ecommerce\appstarter\vendor\codeigniter4\framework\system\CodeIgniter.php(936): App\Controllers\Home->index()
#4 C:\xampp\htdocs\example\example-ecommerce\appstarter\vendor\codeigniter4\framework\system\CodeIgniter.php(432): CodeIgniter\CodeIgniter->runController(Object(App\Controllers\Home))
#5 C:\xampp\htdocs\example\example-ecommerce\appstarter\vendor\codeigniter4\framework\system\CodeIgniter.php(333): CodeIgniter\CodeIgniter->handleRequest(NULL, Object(Config\Cache), false)
#6 C:\xampp\htdocs\example\example-ecommerce\appstarter\public\index.php(44): CodeIgniter\CodeIgniter->run()
#7 C:\xampp\htdocs\example\example-ecommerce\appstarter\vendor\codeigniter4\framework\system\Commands\Server\rewrite.php(45): require_once('C:\\xampp\\htdocs...')
#8 {main}
CRITICAL - 2021-02-22 22:40:10 --> Call to undefined method CodeIgniter\View\View::endSetion()
#0 C:\xampp\htdocs\example\example-ecommerce\appstarter\vendor\codeigniter4\framework\system\View\View.php(220): include()
#1 C:\xampp\htdocs\example\example-ecommerce\appstarter\vendor\codeigniter4\framework\system\View\View.php(222): CodeIgniter\View\View->CodeIgniter\View\{closure}()
#2 C:\xampp\htdocs\example\example-ecommerce\appstarter\vendor\codeigniter4\framework\system\Common.php(1217): CodeIgniter\View\View->render('dashboard/index', Array, true)
#3 C:\xampp\htdocs\example\example-ecommerce\appstarter\app\Controllers\Home.php(10): view('dashboard/index')
#4 C:\xampp\htdocs\example\example-ecommerce\appstarter\vendor\codeigniter4\framework\system\CodeIgniter.php(936): App\Controllers\Home->index()
#5 C:\xampp\htdocs\example\example-ecommerce\appstarter\vendor\codeigniter4\framework\system\CodeIgniter.php(432): CodeIgniter\CodeIgniter->runController(Object(App\Controllers\Home))
#6 C:\xampp\htdocs\example\example-ecommerce\appstarter\vendor\codeigniter4\framework\system\CodeIgniter.php(333): CodeIgniter\CodeIgniter->handleRequest(NULL, Object(Config\Cache), false)
#7 C:\xampp\htdocs\example\example-ecommerce\appstarter\public\index.php(44): CodeIgniter\CodeIgniter->run()
#8 C:\xampp\htdocs\example\example-ecommerce\appstarter\vendor\codeigniter4\framework\system\Commands\Server\rewrite.php(45): require_once('C:\\xampp\\htdocs...')
#9 {main}
CRITICAL - 2021-02-22 22:40:13 --> Call to undefined method CodeIgniter\View\View::endSetion()
#0 C:\xampp\htdocs\example\example-ecommerce\appstarter\vendor\codeigniter4\framework\system\View\View.php(220): include()
#1 C:\xampp\htdocs\example\example-ecommerce\appstarter\vendor\codeigniter4\framework\system\View\View.php(222): CodeIgniter\View\View->CodeIgniter\View\{closure}()
#2 C:\xampp\htdocs\example\example-ecommerce\appstarter\vendor\codeigniter4\framework\system\Common.php(1217): CodeIgniter\View\View->render('dashboard/index', Array, true)
#3 C:\xampp\htdocs\example\example-ecommerce\appstarter\app\Controllers\Home.php(10): view('dashboard/index')
#4 C:\xampp\htdocs\example\example-ecommerce\appstarter\vendor\codeigniter4\framework\system\CodeIgniter.php(936): App\Controllers\Home->index()
#5 C:\xampp\htdocs\example\example-ecommerce\appstarter\vendor\codeigniter4\framework\system\CodeIgniter.php(432): CodeIgniter\CodeIgniter->runController(Object(App\Controllers\Home))
#6 C:\xampp\htdocs\example\example-ecommerce\appstarter\vendor\codeigniter4\framework\system\CodeIgniter.php(333): CodeIgniter\CodeIgniter->handleRequest(NULL, Object(Config\Cache), false)
#7 C:\xampp\htdocs\example\example-ecommerce\appstarter\public\index.php(44): CodeIgniter\CodeIgniter->run()
#8 C:\xampp\htdocs\example\example-ecommerce\appstarter\vendor\codeigniter4\framework\system\Commands\Server\rewrite.php(45): require_once('C:\\xampp\\htdocs...')
#9 {main}
CRITICAL - 2021-02-22 22:41:53 --> Call to undefined method CodeIgniter\View\View::endSetion()
#0 C:\xampp\htdocs\example\example-ecommerce\appstarter\vendor\codeigniter4\framework\system\View\View.php(220): include()
#1 C:\xampp\htdocs\example\example-ecommerce\appstarter\vendor\codeigniter4\framework\system\View\View.php(222): CodeIgniter\View\View->CodeIgniter\View\{closure}()
#2 C:\xampp\htdocs\example\example-ecommerce\appstarter\vendor\codeigniter4\framework\system\Common.php(1217): CodeIgniter\View\View->render('dashboard/index', Array, true)
#3 C:\xampp\htdocs\example\example-ecommerce\appstarter\app\Controllers\Home.php(11): view('dashboard/index', Array)
#4 C:\xampp\htdocs\example\example-ecommerce\appstarter\vendor\codeigniter4\framework\system\CodeIgniter.php(936): App\Controllers\Home->index()
#5 C:\xampp\htdocs\example\example-ecommerce\appstarter\vendor\codeigniter4\framework\system\CodeIgniter.php(432): CodeIgniter\CodeIgniter->runController(Object(App\Controllers\Home))
#6 C:\xampp\htdocs\example\example-ecommerce\appstarter\vendor\codeigniter4\framework\system\CodeIgniter.php(333): CodeIgniter\CodeIgniter->handleRequest(NULL, Object(Config\Cache), false)
#7 C:\xampp\htdocs\example\example-ecommerce\appstarter\public\index.php(44): CodeIgniter\CodeIgniter->run()
#8 C:\xampp\htdocs\example\example-ecommerce\appstarter\vendor\codeigniter4\framework\system\Commands\Server\rewrite.php(45): require_once('C:\\xampp\\htdocs...')
#9 {main}
CRITICAL - 2021-02-22 22:41:55 --> Call to undefined method CodeIgniter\View\View::endSetion()
#0 C:\xampp\htdocs\example\example-ecommerce\appstarter\vendor\codeigniter4\framework\system\View\View.php(220): include()
#1 C:\xampp\htdocs\example\example-ecommerce\appstarter\vendor\codeigniter4\framework\system\View\View.php(222): CodeIgniter\View\View->CodeIgniter\View\{closure}()
#2 C:\xampp\htdocs\example\example-ecommerce\appstarter\vendor\codeigniter4\framework\system\Common.php(1217): CodeIgniter\View\View->render('dashboard/index', Array, true)
#3 C:\xampp\htdocs\example\example-ecommerce\appstarter\app\Controllers\Home.php(11): view('dashboard/index', Array)
#4 C:\xampp\htdocs\example\example-ecommerce\appstarter\vendor\codeigniter4\framework\system\CodeIgniter.php(936): App\Controllers\Home->index()
#5 C:\xampp\htdocs\example\example-ecommerce\appstarter\vendor\codeigniter4\framework\system\CodeIgniter.php(432): CodeIgniter\CodeIgniter->runController(Object(App\Controllers\Home))
#6 C:\xampp\htdocs\example\example-ecommerce\appstarter\vendor\codeigniter4\framework\system\CodeIgniter.php(333): CodeIgniter\CodeIgniter->handleRequest(NULL, Object(Config\Cache), false)
#7 C:\xampp\htdocs\example\example-ecommerce\appstarter\public\index.php(44): CodeIgniter\CodeIgniter->run()
#8 C:\xampp\htdocs\example\example-ecommerce\appstarter\vendor\codeigniter4\framework\system\Commands\Server\rewrite.php(45): require_once('C:\\xampp\\htdocs...')
#9 {main}
CRITICAL - 2021-02-22 22:42:26 --> Call to undefined method CodeIgniter\View\View::endSetion()
#0 C:\xampp\htdocs\example\example-ecommerce\appstarter\vendor\codeigniter4\framework\system\View\View.php(220): include()
#1 C:\xampp\htdocs\example\example-ecommerce\appstarter\vendor\codeigniter4\framework\system\View\View.php(222): CodeIgniter\View\View->CodeIgniter\View\{closure}()
#2 C:\xampp\htdocs\example\example-ecommerce\appstarter\vendor\codeigniter4\framework\system\Common.php(1217): CodeIgniter\View\View->render('dashboard/index', Array, true)
#3 C:\xampp\htdocs\example\example-ecommerce\appstarter\app\Controllers\Dashboard.php(9): view('dashboard/index')
#4 C:\xampp\htdocs\example\example-ecommerce\appstarter\vendor\codeigniter4\framework\system\CodeIgniter.php(936): App\Controllers\Dashboard->index()
#5 C:\xampp\htdocs\example\example-ecommerce\appstarter\vendor\codeigniter4\framework\system\CodeIgniter.php(432): CodeIgniter\CodeIgniter->runController(Object(App\Controllers\Dashboard))
#6 C:\xampp\htdocs\example\example-ecommerce\appstarter\vendor\codeigniter4\framework\system\CodeIgniter.php(333): CodeIgniter\CodeIgniter->handleRequest(NULL, Object(Config\Cache), false)
#7 C:\xampp\htdocs\example\example-ecommerce\appstarter\public\index.php(44): CodeIgniter\CodeIgniter->run()
#8 C:\xampp\htdocs\example\example-ecommerce\appstarter\vendor\codeigniter4\framework\system\Commands\Server\rewrite.php(45): require_once('C:\\xampp\\htdocs...')
#9 {main}
CRITICAL - 2021-02-22 22:47:55 --> Call to undefined method CodeIgniter\View\View::endSetion()
#0 C:\xampp\htdocs\example\example-ecommerce\appstarter\vendor\codeigniter4\framework\system\View\View.php(220): include()
#1 C:\xampp\htdocs\example\example-ecommerce\appstarter\vendor\codeigniter4\framework\system\View\View.php(222): CodeIgniter\View\View->CodeIgniter\View\{closure}()
#2 C:\xampp\htdocs\example\example-ecommerce\appstarter\vendor\codeigniter4\framework\system\Common.php(1217): CodeIgniter\View\View->render('dashboard/index', Array, true)
#3 C:\xampp\htdocs\example\example-ecommerce\appstarter\app\Controllers\Dashboard.php(9): view('dashboard/index')
#4 C:\xampp\htdocs\example\example-ecommerce\appstarter\vendor\codeigniter4\framework\system\CodeIgniter.php(936): App\Controllers\Dashboard->index()
#5 C:\xampp\htdocs\example\example-ecommerce\appstarter\vendor\codeigniter4\framework\system\CodeIgniter.php(432): CodeIgniter\CodeIgniter->runController(Object(App\Controllers\Dashboard))
#6 C:\xampp\htdocs\example\example-ecommerce\appstarter\vendor\codeigniter4\framework\system\CodeIgniter.php(333): CodeIgniter\CodeIgniter->handleRequest(NULL, Object(Config\Cache), false)
#7 C:\xampp\htdocs\example\example-ecommerce\appstarter\public\index.php(44): CodeIgniter\CodeIgniter->run()
#8 C:\xampp\htdocs\example\example-ecommerce\appstarter\vendor\codeigniter4\framework\system\Commands\Server\rewrite.php(45): require_once('C:\\xampp\\htdocs...')
#9 {main}
CRITICAL - 2021-02-22 22:47:59 --> Call to undefined method CodeIgniter\View\View::endSetion()
#0 C:\xampp\htdocs\example\example-ecommerce\appstarter\vendor\codeigniter4\framework\system\View\View.php(220): include()
#1 C:\xampp\htdocs\example\example-ecommerce\appstarter\vendor\codeigniter4\framework\system\View\View.php(222): CodeIgniter\View\View->CodeIgniter\View\{closure}()
#2 C:\xampp\htdocs\example\example-ecommerce\appstarter\vendor\codeigniter4\framework\system\Common.php(1217): CodeIgniter\View\View->render('dashboard/index', Array, true)
#3 C:\xampp\htdocs\example\example-ecommerce\appstarter\app\Controllers\Dashboard.php(9): view('dashboard/index')
#4 C:\xampp\htdocs\example\example-ecommerce\appstarter\vendor\codeigniter4\framework\system\CodeIgniter.php(936): App\Controllers\Dashboard->index()
#5 C:\xampp\htdocs\example\example-ecommerce\appstarter\vendor\codeigniter4\framework\system\CodeIgniter.php(432): CodeIgniter\CodeIgniter->runController(Object(App\Controllers\Dashboard))
#6 C:\xampp\htdocs\example\example-ecommerce\appstarter\vendor\codeigniter4\framework\system\CodeIgniter.php(333): CodeIgniter\CodeIgniter->handleRequest(NULL, Object(Config\Cache), false)
#7 C:\xampp\htdocs\example\example-ecommerce\appstarter\public\index.php(44): CodeIgniter\CodeIgniter->run()
#8 C:\xampp\htdocs\example\example-ecommerce\appstarter\vendor\codeigniter4\framework\system\Commands\Server\rewrite.php(45): require_once('C:\\xampp\\htdocs...')
#9 {main}
