CRITICAL - 2021-02-25 01:14:40 --> Class 'App\Contollers\BaseController' not found
#0 C:\xampp\htdocs\example\example-ecommerce\appstarter\vendor\codeigniter4\framework\system\Router\Router.php(562): include_once()
#1 C:\xampp\htdocs\example\example-ecommerce\appstarter\vendor\codeigniter4\framework\system\Router\Router.php(170): CodeIgniter\Router\Router->autoRoute('about/index')
#2 C:\xampp\htdocs\example\example-ecommerce\appstarter\vendor\codeigniter4\framework\system\CodeIgniter.php(816): CodeIgniter\Router\Router->handle('about/index')
#3 C:\xampp\htdocs\example\example-ecommerce\appstarter\vendor\codeigniter4\framework\system\CodeIgniter.php(385): CodeIgniter\CodeIgniter->tryToRouteIt(Object(CodeIgniter\Router\RouteCollection))
#4 C:\xampp\htdocs\example\example-ecommerce\appstarter\vendor\codeigniter4\framework\system\CodeIgniter.php(333): CodeIgniter\CodeIgniter->handleRequest(NULL, Object(Config\Cache), false)
#5 C:\xampp\htdocs\example\example-ecommerce\appstarter\public\index.php(44): CodeIgniter\CodeIgniter->run()
#6 C:\xampp\htdocs\example\example-ecommerce\appstarter\vendor\codeigniter4\framework\system\Commands\Server\rewrite.php(45): require_once('C:\\xampp\\htdocs...')
#7 {main}
CRITICAL - 2021-02-25 01:16:48 --> Class 'App\Contollers\BaseController' not found
#0 C:\xampp\htdocs\example\example-ecommerce\appstarter\vendor\codeigniter4\framework\system\Router\Router.php(562): include_once()
#1 C:\xampp\htdocs\example\example-ecommerce\appstarter\vendor\codeigniter4\framework\system\Router\Router.php(170): CodeIgniter\Router\Router->autoRoute('about/index')
#2 C:\xampp\htdocs\example\example-ecommerce\appstarter\vendor\codeigniter4\framework\system\CodeIgniter.php(816): CodeIgniter\Router\Router->handle('about/index')
#3 C:\xampp\htdocs\example\example-ecommerce\appstarter\vendor\codeigniter4\framework\system\CodeIgniter.php(385): CodeIgniter\CodeIgniter->tryToRouteIt(Object(CodeIgniter\Router\RouteCollection))
#4 C:\xampp\htdocs\example\example-ecommerce\appstarter\vendor\codeigniter4\framework\system\CodeIgniter.php(333): CodeIgniter\CodeIgniter->handleRequest(NULL, Object(Config\Cache), false)
#5 C:\xampp\htdocs\example\example-ecommerce\appstarter\public\index.php(44): CodeIgniter\CodeIgniter->run()
#6 C:\xampp\htdocs\example\example-ecommerce\appstarter\vendor\codeigniter4\framework\system\Commands\Server\rewrite.php(45): require_once('C:\\xampp\\htdocs...')
#7 {main}
CRITICAL - 2021-02-25 01:16:52 --> Class 'App\Contollers\BaseController' not found
#0 C:\xampp\htdocs\example\example-ecommerce\appstarter\vendor\codeigniter4\framework\system\Router\Router.php(562): include_once()
#1 C:\xampp\htdocs\example\example-ecommerce\appstarter\vendor\codeigniter4\framework\system\Router\Router.php(170): CodeIgniter\Router\Router->autoRoute('about/index')
#2 C:\xampp\htdocs\example\example-ecommerce\appstarter\vendor\codeigniter4\framework\system\CodeIgniter.php(816): CodeIgniter\Router\Router->handle('about/index')
#3 C:\xampp\htdocs\example\example-ecommerce\appstarter\vendor\codeigniter4\framework\system\CodeIgniter.php(385): CodeIgniter\CodeIgniter->tryToRouteIt(Object(CodeIgniter\Router\RouteCollection))
#4 C:\xampp\htdocs\example\example-ecommerce\appstarter\vendor\codeigniter4\framework\system\CodeIgniter.php(333): CodeIgniter\CodeIgniter->handleRequest(NULL, Object(Config\Cache), false)
#5 C:\xampp\htdocs\example\example-ecommerce\appstarter\public\index.php(44): CodeIgniter\CodeIgniter->run()
#6 C:\xampp\htdocs\example\example-ecommerce\appstarter\vendor\codeigniter4\framework\system\Commands\Server\rewrite.php(45): require_once('C:\\xampp\\htdocs...')
#7 {main}
CRITICAL - 2021-02-25 01:17:03 --> Class 'App\Contollers\BaseController' not found
#0 C:\xampp\htdocs\example\example-ecommerce\appstarter\vendor\codeigniter4\framework\system\Router\Router.php(562): include_once()
#1 C:\xampp\htdocs\example\example-ecommerce\appstarter\vendor\codeigniter4\framework\system\Router\Router.php(170): CodeIgniter\Router\Router->autoRoute('about/index')
#2 C:\xampp\htdocs\example\example-ecommerce\appstarter\vendor\codeigniter4\framework\system\CodeIgniter.php(816): CodeIgniter\Router\Router->handle('about/index')
#3 C:\xampp\htdocs\example\example-ecommerce\appstarter\vendor\codeigniter4\framework\system\CodeIgniter.php(385): CodeIgniter\CodeIgniter->tryToRouteIt(Object(CodeIgniter\Router\RouteCollection))
#4 C:\xampp\htdocs\example\example-ecommerce\appstarter\vendor\codeigniter4\framework\system\CodeIgniter.php(333): CodeIgniter\CodeIgniter->handleRequest(NULL, Object(Config\Cache), false)
#5 C:\xampp\htdocs\example\example-ecommerce\appstarter\public\index.php(44): CodeIgniter\CodeIgniter->run()
#6 C:\xampp\htdocs\example\example-ecommerce\appstarter\vendor\codeigniter4\framework\system\Commands\Server\rewrite.php(45): require_once('C:\\xampp\\htdocs...')
#7 {main}
CRITICAL - 2021-02-25 01:17:21 --> Class 'App\Contollers\BaseController' not found
#0 C:\xampp\htdocs\example\example-ecommerce\appstarter\vendor\codeigniter4\framework\system\Router\Router.php(562): include_once()
#1 C:\xampp\htdocs\example\example-ecommerce\appstarter\vendor\codeigniter4\framework\system\Router\Router.php(170): CodeIgniter\Router\Router->autoRoute('about/index')
#2 C:\xampp\htdocs\example\example-ecommerce\appstarter\vendor\codeigniter4\framework\system\CodeIgniter.php(816): CodeIgniter\Router\Router->handle('about/index')
#3 C:\xampp\htdocs\example\example-ecommerce\appstarter\vendor\codeigniter4\framework\system\CodeIgniter.php(385): CodeIgniter\CodeIgniter->tryToRouteIt(Object(CodeIgniter\Router\RouteCollection))
#4 C:\xampp\htdocs\example\example-ecommerce\appstarter\vendor\codeigniter4\framework\system\CodeIgniter.php(333): CodeIgniter\CodeIgniter->handleRequest(NULL, Object(Config\Cache), false)
#5 C:\xampp\htdocs\example\example-ecommerce\appstarter\public\index.php(44): CodeIgniter\CodeIgniter->run()
#6 C:\xampp\htdocs\example\example-ecommerce\appstarter\vendor\codeigniter4\framework\system\Commands\Server\rewrite.php(45): require_once('C:\\xampp\\htdocs...')
#7 {main}
CRITICAL - 2021-02-25 01:17:25 --> Class 'App\Contollers\BaseController' not found
#0 C:\xampp\htdocs\example\example-ecommerce\appstarter\vendor\codeigniter4\framework\system\Router\Router.php(562): include_once()
#1 C:\xampp\htdocs\example\example-ecommerce\appstarter\vendor\codeigniter4\framework\system\Router\Router.php(170): CodeIgniter\Router\Router->autoRoute('about/index')
#2 C:\xampp\htdocs\example\example-ecommerce\appstarter\vendor\codeigniter4\framework\system\CodeIgniter.php(816): CodeIgniter\Router\Router->handle('about/index')
#3 C:\xampp\htdocs\example\example-ecommerce\appstarter\vendor\codeigniter4\framework\system\CodeIgniter.php(385): CodeIgniter\CodeIgniter->tryToRouteIt(Object(CodeIgniter\Router\RouteCollection))
#4 C:\xampp\htdocs\example\example-ecommerce\appstarter\vendor\codeigniter4\framework\system\CodeIgniter.php(333): CodeIgniter\CodeIgniter->handleRequest(NULL, Object(Config\Cache), false)
#5 C:\xampp\htdocs\example\example-ecommerce\appstarter\public\index.php(44): CodeIgniter\CodeIgniter->run()
#6 C:\xampp\htdocs\example\example-ecommerce\appstarter\vendor\codeigniter4\framework\system\Commands\Server\rewrite.php(45): require_once('C:\\xampp\\htdocs...')
#7 {main}
